16:58:02 **** Clean-only build of project design_1_wrapperf ****
buildplatform.bat 13419 design_1_wrapperf clean 
XSDB Server Channel: tcfchan#1
Reading the platform  : "design_1_wrapperf"
ERROR: [Hsi 55-1403] D:/files/VitisProject/demoAmp/r5loveWithDpu/design_1_wrapperf/psu_cortexa53_0/zynqmp_fsbl/bsp/system.mss line 27 - No IP instance named axi_gpio_0 present in hardware design
ERROR: [Hsi 55-1403] D:/files/VitisProject/demoAmp/r5loveWithDpu/design_1_wrapperf/psu_cortexa53_0/zynqmp_fsbl/bsp/system.mss line 33 - No IP instance named axi_gpio_1 present in hardware design
Cleaning the zynqmp_fsbl application.
rm -rf  xfsbl_partition_load.o  xfsbl_qspi.o  xfsbl_csu_dma.o  xfsbl_nand.o  xfsbl_image_header.o  xfsbl_hooks.o  xfsbl_main.o 
 xfsbl_dfu_util.o  xfsbl_initialization.o  xfsbl_ddr_init.o  xfsbl_handoff.o  psu_init.o  xfsbl_sd.o  xfsbl_board.o  xfsbl_misc
_drivers.o  xfsbl_bs.o  xfsbl_rsa_sha.o  xfsbl_plpartition_valid.o  xfsbl_usb.o  xfsbl_misc.o  xfsbl_authentication.o  xfsbl_ex
it.o  xfsbl_translation_table.o zynqmp_fsbl_bsp/psu_cortexr5_0/lib/libxil.a executable.elf *.o

Cleaning the zynqmp_fsbl application, bsp
make -C psu_cortexr5_0/libsrc/avbuf_v2_3/src -s clean 

make -C psu_cortexr5_0/libsrc/axipmon_v6_8/src -s clean 

make -C psu_cortexr5_0/libsrc/canps_v3_4/src -s clean 

make -C psu_cortexr5_0/libsrc/clockps_v1_2/src -s clean 

make -C psu_cortexr5_0/libsrc/coresightps_dcc_v1_7/src -s clean 

make -C psu_cortexr5_0/libsrc/cpu_cortexr5_v1_7/src -s clean 

make -C psu_cortexr5_0/libsrc/csudma_v1_6/src -s clean 

make -C psu_cortexr5_0/libsrc/ddrcpsu_v1_2/src -s clean 

make -C psu_cortexr5_0/libsrc/dpdma_v1_2/src -s clean 

make -C psu_cortexr5_0/libsrc/emacps_v3_11/src -s clean 

make -C psu_cortexr5_0/libsrc/gpiops_v3_7/src -s clean 

make -C psu_cortexr5_0/libsrc/iicps_v3_11/src -s clean 

make -C psu_cortexr5_0/libsrc/ipipsu_v2_6/src -s clean 

make -C psu_cortexr5_0/libsrc/libmetal_v2_1/src -s clean 

make -C psu_cortexr5_0/libsrc/openamp_v1_6/src -s clean 

make -C psu_cortexr5_0/libsrc/pciepsu_v1_1/src -s clean 

make -C psu_cortexr5_0/libsrc/qspipsu_v1_11/src -s clean 

make -C psu_cortexr5_0/libsrc/resetps_v1_3/src -s clean 

make -C psu_cortexr5_0/libsrc/rtcpsu_v1_9/src -s clean 

make -C psu_cortexr5_0/libsrc/scugic_v4_2/src -s clean 

make -C psu_cortexr5_0/libsrc/sdps_v3_9/src -s clean 

make -C psu_cortexr5_0/libsrc/standalone_v7_2/src -s clean 

make -C psu_cortexr5_0/libsrc/sysmonpsu_v2_6/src -s clean 

make -C psu_cortexr5_0/libsrc/ttcps_v3_11/src -s clean 

make -C psu_cortexr5_0/libsrc/uartps_v3_9/src -s clean 

make -C psu_cortexr5_0/libsrc/usbpsu_v1_7/src -s clean 

make -C psu_cortexr5_0/libsrc/video_common_v4_9/src -s clean 

make -C psu_cortexr5_0/libsrc/xilffs_v4_3/src -s clean 

make -C psu_cortexr5_0/libsrc/xilfpga_v5_2/src -s clean 

make -C psu_cortexr5_0/libsrc/xilpm_v3_1/src -s clean 

make -C psu_cortexr5_0/libsrc/xilsecure_v4_2/src -s clean 

make -C psu_cortexr5_0/libsrc/xilskey_v6_9/src -s clean 

make -C psu_cortexr5_0/libsrc/zdma_v1_9/src -s clean 

rm -f psu_cortexr5_0/lib/libxil.a

Cleaning the zynqmp_pmufw application.
rm -rf  pm_clock.o  pm_proc.o  xpfw_user_startup.o  xpfw_scheduler.o  xpfw_mod_em.o  pm_reset.o  xpfw_main.o  pm_power.o  pm_us
b.o  pm_gpp.o  xpfw_util.o  pm_binding.o  pm_pll.o  xpfw_mod_common.o  pm_periph.o  pm_slave.o  idle_hooks.o  xpfw_resets.o  xp
fw_core.o  pm_node.o  pm_extern.o  xpfw_mod_rpu.o  xpfw_mod_dap.o  xpfw_crc.o  xpfw_mod_stl.o  pm_callbacks.o  xpfw_mod_wdt.o  
pm_csudma.o  xpfw_rom_interface.o  xpfw_mod_sched.o  pm_sram.o  xpfw_mod_pm.o  pm_qspi.o  xpfw_module.o  xpfw_mod_ultra96.o  pm
_ddr.o  xpfw_platform.o  xpfw_xpu.o  pm_pinctrl.o  xpfw_mod_rtc.o  xpfw_events.o  xpfw_aib.o  pm_notifier.o  pm_gic_proxy.o  pm
_core.o  pm_config.o  pm_system.o  pm_mmio_access.o  pm_node_reset.o  pm_requirement.o  xpfw_mod_legacy.o  xpfw_restart.o  xpfw
_error_manager.o  pm_hooks.o  xpfw_interrupts.o  pm_master.o  xpfw_ipi_manager.o  xpfw_start.o zynqmp_pmufw_bsp/psu_pmu_0/lib/l
ibxil.a executable.elf *.o

Cleaning the zynqmp_pmufw application, bsp
make -C psu_cortexr5_0/libsrc/avbuf_v2_3/src -s clean 

make -C psu_cortexr5_0/libsrc/axipmon_v6_8/src -s clean 

make -C psu_cortexr5_0/libsrc/canps_v3_4/src -s clean 

make -C psu_cortexr5_0/libsrc/clockps_v1_2/src -s clean 

make -C psu_cortexr5_0/libsrc/coresightps_dcc_v1_7/src -s clean 

make -C psu_cortexr5_0/libsrc/cpu_cortexr5_v1_7/src -s clean 

make -C psu_cortexr5_0/libsrc/csudma_v1_6/src -s clean 

make -C psu_cortexr5_0/libsrc/ddrcpsu_v1_2/src -s clean 

make -C psu_cortexr5_0/libsrc/dpdma_v1_2/src -s clean 

make -C psu_cortexr5_0/libsrc/emacps_v3_11/src -s clean 

make -C psu_cortexr5_0/libsrc/gpiops_v3_7/src -s clean 

make -C psu_cortexr5_0/libsrc/iicps_v3_11/src -s clean 

make -C psu_cortexr5_0/libsrc/ipipsu_v2_6/src -s clean 

make -C psu_cortexr5_0/libsrc/libmetal_v2_1/src -s clean 

make -C psu_cortexr5_0/libsrc/openamp_v1_6/src -s clean 

make -C psu_cortexr5_0/libsrc/pciepsu_v1_1/src -s clean 

make -C psu_cortexr5_0/libsrc/qspipsu_v1_11/src -s clean 

make -C psu_cortexr5_0/libsrc/resetps_v1_3/src -s clean 

make -C psu_cortexr5_0/libsrc/rtcpsu_v1_9/src -s clean 

make -C psu_cortexr5_0/libsrc/scugic_v4_2/src -s clean 

make -C psu_cortexr5_0/libsrc/sdps_v3_9/src -s clean 

make -C psu_cortexr5_0/libsrc/standalone_v7_2/src -s clean 

make -C psu_cortexr5_0/libsrc/sysmonpsu_v2_6/src -s clean 

make -C psu_cortexr5_0/libsrc/ttcps_v3_11/src -s clean 

make -C psu_cortexr5_0/libsrc/uartps_v3_9/src -s clean 

make -C psu_cortexr5_0/libsrc/usbpsu_v1_7/src -s clean 

make -C psu_cortexr5_0/libsrc/video_common_v4_9/src -s clean 

make -C psu_cortexr5_0/libsrc/xilffs_v4_3/src -s clean 

make -C psu_cortexr5_0/libsrc/xilfpga_v5_2/src -s clean 

make -C psu_cortexr5_0/libsrc/xilpm_v3_1/src -s clean 

make -C psu_cortexr5_0/libsrc/xilsecure_v4_2/src -s clean 

make -C psu_cortexr5_0/libsrc/xilskey_v6_9/src -s clean 

make -C psu_cortexr5_0/libsrc/zdma_v1_9/src -s clean 

rm -f psu_cortexr5_0/lib/libxil.a

Cleaning the BSP for domain  - domain_psu_cortexr5_0
make -C psu_cortexr5_0/libsrc/avbuf_v2_3/src -s clean 

make -C psu_cortexr5_0/libsrc/axipmon_v6_8/src -s clean 

make -C psu_cortexr5_0/libsrc/canps_v3_4/src -s clean 

make -C psu_cortexr5_0/libsrc/clockps_v1_2/src -s clean 

make -C psu_cortexr5_0/libsrc/coresightps_dcc_v1_7/src -s clean 

make -C psu_cortexr5_0/libsrc/cpu_cortexr5_v1_7/src -s clean 

make -C psu_cortexr5_0/libsrc/csudma_v1_6/src -s clean 

make -C psu_cortexr5_0/libsrc/ddrcpsu_v1_2/src -s clean 

make -C psu_cortexr5_0/libsrc/dpdma_v1_2/src -s clean 

make -C psu_cortexr5_0/libsrc/emacps_v3_11/src -s clean 

make -C psu_cortexr5_0/libsrc/gpiops_v3_7/src -s clean 

make -C psu_cortexr5_0/libsrc/iicps_v3_11/src -s clean 

make -C psu_cortexr5_0/libsrc/ipipsu_v2_6/src -s clean 

make -C psu_cortexr5_0/libsrc/pciepsu_v1_1/src -s clean 

make -C psu_cortexr5_0/libsrc/qspipsu_v1_11/src -s clean 

make -C psu_cortexr5_0/libsrc/resetps_v1_3/src -s clean 

make -C psu_cortexr5_0/libsrc/rtcpsu_v1_9/src -s clean 

make -C psu_cortexr5_0/libsrc/scugic_v4_2/src -s clean 

make -C psu_cortexr5_0/libsrc/sdps_v3_9/src -s clean 

make -C psu_cortexr5_0/libsrc/standalone_v7_2/src -s clean 

make -C psu_cortexr5_0/libsrc/sysmonpsu_v2_6/src -s clean 

make -C psu_cortexr5_0/libsrc/ttcps_v3_11/src -s clean 

make -C psu_cortexr5_0/libsrc/uartps_v3_9/src -s clean 

make -C psu_cortexr5_0/libsrc/usbpsu_v1_7/src -s clean 

make -C psu_cortexr5_0/libsrc/video_common_v4_9/src -s clean 

make -C psu_cortexr5_0/libsrc/zdma_v1_9/src -s clean 

rm -f psu_cortexr5_0/lib/libxil.a


16:58:20 Build Finished (took 18s.331ms)

