16:58:02 **** Clean-only build of project design_1_wrapperf ****
buildplatform.bat 13419 design_1_wrapperf clean 
XSDB Server Channel: tcfchan#1
Reading the platform  : "design_1_wrapperf"
ERROR: [Hsi 55-1403] D:/files/VitisProject/demoAmp/r5loveWithDpu/design_1_wrapperf/psu_cortexa53_0/zynqmp_fsbl/bsp/system.mss line 27 - No IP instance named axi_gpio_0 present in hardware design
ERROR: [Hsi 55-1403] D:/files/VitisProject/demoAmp/r5loveWithDpu/design_1_wrapperf/psu_cortexa53_0/zynqmp_fsbl/bsp/system.mss line 33 - No IP instance named axi_gpio_1 present in hardware design
Cleaning the zynqmp_fsbl application.
rm -rf  xfsbl_partition_load.o  xfsbl_qspi.o  xfsbl_csu_dma.o  xfsbl_nand.o  xfsbl_image_header.o  xfsbl_hooks.o  xfsbl_main.o 
 xfsbl_dfu_util.o  xfsbl_initialization.o  xfsbl_ddr_init.o  xfsbl_handoff.o  psu_init.o  xfsbl_sd.o  xfsbl_board.o  xfsbl_misc
_drivers.o  xfsbl_bs.o  xfsbl_rsa_sha.o  xfsbl_plpartition_valid.o  xfsbl_usb.o  xfsbl_misc.o  xfsbl_authentication.o  xfsbl_ex
it.o  xfsbl_translation_table.o zynqmp_fsbl_bsp/psu_cortexr5_0/lib/libxil.a executable.elf *.o

Cleaning the zynqmp_fsbl application, bsp
make -C psu_cortexr5_0/libsrc/avbuf_v2_3/src -s clean 

make -C psu_cortexr5_0/libsrc/axipmon_v6_8/src -s clean 

make -C psu_cortexr5_0/libsrc/canps_v3_4/src -s clean 

make -C psu_cortexr5_0/libsrc/clockps_v1_2/src -s clean 

make -C psu_cortexr5_0/libsrc/coresightps_dcc_v1_7/src -s clean 

make -C psu_cortexr5_0/libsrc/cpu_cortexr5_v1_7/src -s clean 

make -C psu_cortexr5_0/libsrc/csudma_v1_6/src -s clean 

make -C psu_cortexr5_0/libsrc/ddrcpsu_v1_2/src -s clean 

make -C psu_cortexr5_0/libsrc/dpdma_v1_2/src -s clean 

make -C psu_cortexr5_0/libsrc/emacps_v3_11/src -s clean 

make -C psu_cortexr5_0/libsrc/gpiops_v3_7/src -s clean 

make -C psu_cortexr5_0/libsrc/iicps_v3_11/src -s clean 

make -C psu_cortexr5_0/libsrc/ipipsu_v2_6/src -s clean 

make -C psu_cortexr5_0/libsrc/libmetal_v2_1/src -s clean 

make -C psu_cortexr5_0/libsrc/openamp_v1_6/src -s clean 

make -C psu_cortexr5_0/libsrc/pciepsu_v1_1/src -s clean 

make -C psu_cortexr5_0/libsrc/qspipsu_v1_11/src -s clean 

make -C psu_cortexr5_0/libsrc/resetps_v1_3/src -s clean 

make -C psu_cortexr5_0/libsrc/rtcpsu_v1_9/src -s clean 

make -C psu_cortexr5_0/libsrc/scugic_v4_2/src -s clean 

make -C psu_cortexr5_0/libsrc/sdps_v3_9/src -s clean 

make -C psu_cortexr5_0/libsrc/standalone_v7_2/src -s clean 

make -C psu_cortexr5_0/libsrc/sysmonpsu_v2_6/src -s clean 

make -C psu_cortexr5_0/libsrc/ttcps_v3_11/src -s clean 

make -C psu_cortexr5_0/libsrc/uartps_v3_9/src -s clean 

make -C psu_cortexr5_0/libsrc/usbpsu_v1_7/src -s clean 

make -C psu_cortexr5_0/libsrc/video_common_v4_9/src -s clean 

make -C psu_cortexr5_0/libsrc/xilffs_v4_3/src -s clean 

make -C psu_cortexr5_0/libsrc/xilfpga_v5_2/src -s clean 

make -C psu_cortexr5_0/libsrc/xilpm_v3_1/src -s clean 

make -C psu_cortexr5_0/libsrc/xilsecure_v4_2/src -s clean 

make -C psu_cortexr5_0/libsrc/xilskey_v6_9/src -s clean 

make -C psu_cortexr5_0/libsrc/zdma_v1_9/src -s clean 

rm -f psu_cortexr5_0/lib/libxil.a

Cleaning the zynqmp_pmufw application.
rm -rf  pm_clock.o  pm_proc.o  xpfw_user_startup.o  xpfw_scheduler.o  xpfw_mod_em.o  pm_reset.o  xpfw_main.o  pm_power.o  pm_us
b.o  pm_gpp.o  xpfw_util.o  pm_binding.o  pm_pll.o  xpfw_mod_common.o  pm_periph.o  pm_slave.o  idle_hooks.o  xpfw_resets.o  xp
fw_core.o  pm_node.o  pm_extern.o  xpfw_mod_rpu.o  xpfw_mod_dap.o  xpfw_crc.o  xpfw_mod_stl.o  pm_callbacks.o  xpfw_mod_wdt.o  
pm_csudma.o  xpfw_rom_interface.o  xpfw_mod_sched.o  pm_sram.o  xpfw_mod_pm.o  pm_qspi.o  xpfw_module.o  xpfw_mod_ultra96.o  pm
_ddr.o  xpfw_platform.o  xpfw_xpu.o  pm_pinctrl.o  xpfw_mod_rtc.o  xpfw_events.o  xpfw_aib.o  pm_notifier.o  pm_gic_proxy.o  pm
_core.o  pm_config.o  pm_system.o  pm_mmio_access.o  pm_node_reset.o  pm_requirement.o  xpfw_mod_legacy.o  xpfw_restart.o  xpfw
_error_manager.o  pm_hooks.o  xpfw_interrupts.o  pm_master.o  xpfw_ipi_manager.o  xpfw_start.o zynqmp_pmufw_bsp/psu_pmu_0/lib/l
ibxil.a executable.elf *.o

Cleaning the zynqmp_pmufw application, bsp
make -C psu_cortexr5_0/libsrc/avbuf_v2_3/src -s clean 

make -C psu_cortexr5_0/libsrc/axipmon_v6_8/src -s clean 

make -C psu_cortexr5_0/libsrc/canps_v3_4/src -s clean 

make -C psu_cortexr5_0/libsrc/clockps_v1_2/src -s clean 

make -C psu_cortexr5_0/libsrc/coresightps_dcc_v1_7/src -s clean 

make -C psu_cortexr5_0/libsrc/cpu_cortexr5_v1_7/src -s clean 

make -C psu_cortexr5_0/libsrc/csudma_v1_6/src -s clean 

make -C psu_cortexr5_0/libsrc/ddrcpsu_v1_2/src -s clean 

make -C psu_cortexr5_0/libsrc/dpdma_v1_2/src -s clean 

make -C psu_cortexr5_0/libsrc/emacps_v3_11/src -s clean 

make -C psu_cortexr5_0/libsrc/gpiops_v3_7/src -s clean 

make -C psu_cortexr5_0/libsrc/iicps_v3_11/src -s clean 

make -C psu_cortexr5_0/libsrc/ipipsu_v2_6/src -s clean 

make -C psu_cortexr5_0/libsrc/libmetal_v2_1/src -s clean 

make -C psu_cortexr5_0/libsrc/openamp_v1_6/src -s clean 

make -C psu_cortexr5_0/libsrc/pciepsu_v1_1/src -s clean 

make -C psu_cortexr5_0/libsrc/qspipsu_v1_11/src -s clean 

make -C psu_cortexr5_0/libsrc/resetps_v1_3/src -s clean 

make -C psu_cortexr5_0/libsrc/rtcpsu_v1_9/src -s clean 

make -C psu_cortexr5_0/libsrc/scugic_v4_2/src -s clean 

make -C psu_cortexr5_0/libsrc/sdps_v3_9/src -s clean 

make -C psu_cortexr5_0/libsrc/standalone_v7_2/src -s clean 

make -C psu_cortexr5_0/libsrc/sysmonpsu_v2_6/src -s clean 

make -C psu_cortexr5_0/libsrc/ttcps_v3_11/src -s clean 

make -C psu_cortexr5_0/libsrc/uartps_v3_9/src -s clean 

make -C psu_cortexr5_0/libsrc/usbpsu_v1_7/src -s clean 

make -C psu_cortexr5_0/libsrc/video_common_v4_9/src -s clean 

make -C psu_cortexr5_0/libsrc/xilffs_v4_3/src -s clean 

make -C psu_cortexr5_0/libsrc/xilfpga_v5_2/src -s clean 

make -C psu_cortexr5_0/libsrc/xilpm_v3_1/src -s clean 

make -C psu_cortexr5_0/libsrc/xilsecure_v4_2/src -s clean 

make -C psu_cortexr5_0/libsrc/xilskey_v6_9/src -s clean 

make -C psu_cortexr5_0/libsrc/zdma_v1_9/src -s clean 

rm -f psu_cortexr5_0/lib/libxil.a

Cleaning the BSP for domain  - domain_psu_cortexr5_0
make -C psu_cortexr5_0/libsrc/avbuf_v2_3/src -s clean 

make -C psu_cortexr5_0/libsrc/axipmon_v6_8/src -s clean 

make -C psu_cortexr5_0/libsrc/canps_v3_4/src -s clean 

make -C psu_cortexr5_0/libsrc/clockps_v1_2/src -s clean 

make -C psu_cortexr5_0/libsrc/coresightps_dcc_v1_7/src -s clean 

make -C psu_cortexr5_0/libsrc/cpu_cortexr5_v1_7/src -s clean 

make -C psu_cortexr5_0/libsrc/csudma_v1_6/src -s clean 

make -C psu_cortexr5_0/libsrc/ddrcpsu_v1_2/src -s clean 

make -C psu_cortexr5_0/libsrc/dpdma_v1_2/src -s clean 

make -C psu_cortexr5_0/libsrc/emacps_v3_11/src -s clean 

make -C psu_cortexr5_0/libsrc/gpiops_v3_7/src -s clean 

make -C psu_cortexr5_0/libsrc/iicps_v3_11/src -s clean 

make -C psu_cortexr5_0/libsrc/ipipsu_v2_6/src -s clean 

make -C psu_cortexr5_0/libsrc/pciepsu_v1_1/src -s clean 

make -C psu_cortexr5_0/libsrc/qspipsu_v1_11/src -s clean 

make -C psu_cortexr5_0/libsrc/resetps_v1_3/src -s clean 

make -C psu_cortexr5_0/libsrc/rtcpsu_v1_9/src -s clean 

make -C psu_cortexr5_0/libsrc/scugic_v4_2/src -s clean 

make -C psu_cortexr5_0/libsrc/sdps_v3_9/src -s clean 

make -C psu_cortexr5_0/libsrc/standalone_v7_2/src -s clean 

make -C psu_cortexr5_0/libsrc/sysmonpsu_v2_6/src -s clean 

make -C psu_cortexr5_0/libsrc/ttcps_v3_11/src -s clean 

make -C psu_cortexr5_0/libsrc/uartps_v3_9/src -s clean 

make -C psu_cortexr5_0/libsrc/usbpsu_v1_7/src -s clean 

make -C psu_cortexr5_0/libsrc/video_common_v4_9/src -s clean 

make -C psu_cortexr5_0/libsrc/zdma_v1_9/src -s clean 

rm -f psu_cortexr5_0/lib/libxil.a

16:58:20 **** Clean-only build of configuration Debug for project libapp ****
make clean 
rm -rf  ./src/threadx/ports/tx_initialize_low_level.o ./src/threadx/ports/tx_thread_context_restore.o ./src/threadx/ports/tx_thread_context_save.o ./src/threadx/ports/tx_thread_fiq_context_restore.o ./src/threadx/ports/tx_thread_fiq_context_save.o ./src/threadx/ports/tx_thread_fiq_nesting_end.o ./src/threadx/ports/tx_thread_fiq_nesting_start.o ./src/threadx/ports/tx_thread_interrupt_control.o ./src/threadx/ports/tx_thread_interrupt_disable.o ./src/threadx/ports/tx_thread_interrupt_restore.o ./src/threadx/ports/tx_thread_irq_nesting_end.o ./src/threadx/ports/tx_thread_irq_nesting_start.o ./src/threadx/ports/tx_thread_schedule.o ./src/threadx/ports/tx_thread_stack_build.o ./src/threadx/ports/tx_thread_system_return.o ./src/threadx/ports/tx_thread_vectored_context_save.o ./src/threadx/ports/tx_timer_interrupt.o  ./src/threadx/common/tx_block_allocate.o ./src/threadx/common/tx_block_pool_cleanup.o ./src/threadx/common/tx_block_pool_create.o ./src/threadx/common/tx_block_pool_delete.o ./src/threadx/common/tx_block_pool_info_get.o ./src/threadx/common/tx_block_pool_initialize.o ./src/threadx/common/tx_block_pool_performance_info_get.o ./src/threadx/common/tx_block_pool_performance_system_info_get.o ./src/threadx/common/tx_block_pool_prioritize.o ./src/threadx/common/tx_block_release.o ./src/threadx/common/tx_byte_allocate.o ./src/threadx/common/tx_byte_pool_cleanup.o ./src/threadx/common/tx_byte_pool_create.o ./src/threadx/common/tx_byte_pool_delete.o ./src/threadx/common/tx_byte_pool_info_get.o ./src/threadx/common/tx_byte_pool_initialize.o ./src/threadx/common/tx_byte_pool_performance_info_get.o ./src/threadx/common/tx_byte_pool_performance_system_info_get.o ./src/threadx/common/tx_byte_pool_prioritize.o ./src/threadx/common/tx_byte_pool_search.o ./src/threadx/common/tx_byte_release.o ./src/threadx/common/tx_event_flags_cleanup.o ./src/threadx/common/tx_event_flags_create.o ./src/threadx/common/tx_event_flags_delete.o ./src/threadx/common/tx_event_flags_get.o ./src/threadx/common/tx_event_flags_info_get.o ./src/threadx/common/tx_event_flags_initialize.o ./src/threadx/common/tx_event_flags_performance_info_get.o ./src/threadx/common/tx_event_flags_performance_system_info_get.o ./src/threadx/common/tx_event_flags_set.o ./src/threadx/common/tx_event_flags_set_notify.o ./src/threadx/common/tx_initialize_high_level.o ./src/threadx/common/tx_initialize_kernel_enter.o ./src/threadx/common/tx_initialize_kernel_setup.o ./src/threadx/common/tx_misra.o ./src/threadx/common/tx_mutex_cleanup.o ./src/threadx/common/tx_mutex_create.o ./src/threadx/common/tx_mutex_delete.o ./src/threadx/common/tx_mutex_get.o ./src/threadx/common/tx_mutex_info_get.o ./src/threadx/common/tx_mutex_initialize.o ./src/threadx/common/tx_mutex_performance_info_get.o ./src/threadx/common/tx_mutex_performance_system_info_get.o ./src/threadx/common/tx_mutex_prioritize.o ./src/threadx/common/tx_mutex_priority_change.o ./src/threadx/common/tx_mutex_put.o ./src/threadx/common/tx_queue_cleanup.o ./src/threadx/common/tx_queue_create.o ./src/threadx/common/tx_queue_delete.o ./src/threadx/common/tx_queue_flush.o ./src/threadx/common/tx_queue_front_send.o ./src/threadx/common/tx_queue_info_get.o ./src/threadx/common/tx_queue_initialize.o ./src/threadx/common/tx_queue_performance_info_get.o ./src/threadx/common/tx_queue_performance_system_info_get.o ./src/threadx/common/tx_queue_prioritize.o ./src/threadx/common/tx_queue_receive.o ./src/threadx/common/tx_queue_send.o ./src/threadx/common/tx_queue_send_notify.o ./src/threadx/common/tx_semaphore_ceiling_put.o ./src/threadx/common/tx_semaphore_cleanup.o ./src/threadx/common/tx_semaphore_create.o ./src/threadx/common/tx_semaphore_delete.o ./src/threadx/common/tx_semaphore_get.o ./src/threadx/common/tx_semaphore_info_get.o ./src/threadx/common/tx_semaphore_initialize.o ./src/threadx/common/tx_semaphore_performance_info_get.o ./src/threadx/common/tx_semaphore_performance_system_info_get.o ./src/threadx/common/tx_semaphore_prioritize.o ./src/threadx/common/tx_semaphore_put.o ./src/threadx/common/tx_semaphore_put_notify.o ./src/threadx/common/tx_thread_create.o ./src/threadx/common/tx_thread_delete.o ./src/threadx/common/tx_thread_entry_exit_notify.o ./src/threadx/common/tx_thread_identify.o ./src/threadx/common/tx_thread_info_get.o ./src/threadx/common/tx_thread_initialize.o ./src/threadx/common/tx_thread_performance_info_get.o ./src/threadx/common/tx_thread_performance_system_info_get.o ./src/threadx/common/tx_thread_preemption_change.o ./src/threadx/common/tx_thread_priority_change.o ./src/threadx/common/tx_thread_relinquish.o ./src/threadx/common/tx_thread_reset.o ./src/threadx/common/tx_thread_resume.o ./src/threadx/common/tx_thread_shell_entry.o ./src/threadx/common/tx_thread_sleep.o ./src/threadx/common/tx_thread_stack_analyze.o ./src/threadx/common/tx_thread_stack_error_handler.o ./src/threadx/common/tx_thread_stack_error_notify.o ./src/threadx/common/tx_thread_suspend.o ./src/threadx/common/tx_thread_system_preempt_check.o ./src/threadx/common/tx_thread_system_resume.o ./src/threadx/common/tx_thread_system_suspend.o ./src/threadx/common/tx_thread_terminate.o ./src/threadx/common/tx_thread_time_slice.o ./src/threadx/common/tx_thread_time_slice_change.o ./src/threadx/common/tx_thread_timeout.o ./src/threadx/common/tx_thread_wait_abort.o ./src/threadx/common/tx_time_get.o ./src/threadx/common/tx_time_set.o ./src/threadx/common/tx_timer_activate.o ./src/threadx/common/tx_timer_change.o ./src/threadx/common/tx_timer_create.o ./src/threadx/common/tx_timer_deactivate.o ./src/threadx/common/tx_timer_delete.o ./src/threadx/common/tx_timer_expiration_process.o ./src/threadx/common/tx_timer_info_get.o ./src/threadx/common/tx_timer_initialize.o ./src/threadx/common/tx_timer_performance_info_get.o ./src/threadx/common/tx_timer_performance_system_info_get.o ./src/threadx/common/tx_timer_system_activate.o ./src/threadx/common/tx_timer_system_deactivate.o ./src/threadx/common/tx_timer_thread_entry.o ./src/threadx/common/tx_trace_buffer_full_notify.o ./src/threadx/common/tx_trace_disable.o ./src/threadx/common/tx_trace_enable.o ./src/threadx/common/tx_trace_event_filter.o ./src/threadx/common/tx_trace_event_unfilter.o ./src/threadx/common/tx_trace_initialize.o ./src/threadx/common/tx_trace_interrupt_control.o ./src/threadx/common/tx_trace_isr_enter_insert.o ./src/threadx/common/tx_trace_isr_exit_insert.o ./src/threadx/common/tx_trace_object_register.o ./src/threadx/common/tx_trace_object_unregister.o ./src/threadx/common/tx_trace_user_event_insert.o ./src/threadx/common/txe_block_allocate.o ./src/threadx/common/txe_block_pool_create.o ./src/threadx/common/txe_block_pool_delete.o ./src/threadx/common/txe_block_pool_info_get.o ./src/threadx/common/txe_block_pool_prioritize.o ./src/threadx/common/txe_block_release.o ./src/threadx/common/txe_byte_allocate.o ./src/threadx/common/txe_byte_pool_create.o ./src/threadx/common/txe_byte_pool_delete.o ./src/threadx/common/txe_byte_pool_info_get.o ./src/threadx/common/txe_byte_pool_prioritize.o ./src/threadx/common/txe_byte_release.o ./src/threadx/common/txe_event_flags_create.o ./src/threadx/common/txe_event_flags_delete.o ./src/threadx/common/txe_event_flags_get.o ./src/threadx/common/txe_event_flags_info_get.o ./src/threadx/common/txe_event_flags_set.o ./src/threadx/common/txe_event_flags_set_notify.o ./src/threadx/common/txe_mutex_create.o ./src/threadx/common/txe_mutex_delete.o ./src/threadx/common/txe_mutex_get.o ./src/threadx/common/txe_mutex_info_get.o ./src/threadx/common/txe_mutex_prioritize.o ./src/threadx/common/txe_mutex_put.o ./src/threadx/common/txe_queue_create.o ./src/threadx/common/txe_queue_delete.o ./src/threadx/common/txe_queue_flush.o ./src/threadx/common/txe_queue_front_send.o ./src/threadx/common/txe_queue_info_get.o ./src/threadx/common/txe_queue_prioritize.o ./src/threadx/common/txe_queue_receive.o ./src/threadx/common/txe_queue_send.o ./src/threadx/common/txe_queue_send_notify.o ./src/threadx/common/txe_semaphore_ceiling_put.o ./src/threadx/common/txe_semaphore_create.o ./src/threadx/common/txe_semaphore_delete.o ./src/threadx/common/txe_semaphore_get.o ./src/threadx/common/txe_semaphore_info_get.o ./src/threadx/common/txe_semaphore_prioritize.o ./src/threadx/common/txe_semaphore_put.o ./src/threadx/common/txe_semaphore_put_notify.o ./src/threadx/common/txe_thread_create.o ./src/threadx/common/txe_thread_delete.o ./src/threadx/common/txe_thread_entry_exit_notify.o ./src/threadx/common/txe_thread_info_get.o ./src/threadx/common/txe_thread_preemption_change.o ./src/threadx/common/txe_thread_priority_change.o ./src/threadx/common/txe_thread_relinquish.o ./src/threadx/common/txe_thread_reset.o ./src/threadx/common/txe_thread_resume.o ./src/threadx/common/txe_thread_suspend.o ./src/threadx/common/txe_thread_terminate.o ./src/threadx/common/txe_thread_time_slice_change.o ./src/threadx/common/txe_thread_wait_abort.o ./src/threadx/common/txe_timer_activate.o ./src/threadx/common/txe_timer_change.o ./src/threadx/common/txe_timer_create.o ./src/threadx/common/txe_timer_deactivate.o ./src/threadx/common/txe_timer_delete.o ./src/threadx/common/txe_timer_info_get.o  ./src/threadx/ports/tx_initialize_low_level.d ./src/threadx/ports/tx_thread_context_restore.d ./src/threadx/ports/tx_thread_context_save.d ./src/threadx/ports/tx_thread_fiq_context_restore.d ./src/threadx/ports/tx_thread_fiq_context_save.d ./src/threadx/ports/tx_thread_fiq_nesting_end.d ./src/threadx/ports/tx_thread_fiq_nesting_start.d ./src/threadx/ports/tx_thread_interrupt_control.d ./src/threadx/ports/tx_thread_interrupt_disable.d ./src/threadx/ports/tx_thread_interrupt_restore.d ./src/threadx/ports/tx_thread_irq_nesting_end.d ./src/threadx/ports/tx_thread_irq_nesting_start.d ./src/threadx/ports/tx_thread_schedule.d ./src/threadx/ports/tx_thread_stack_build.d ./src/threadx/ports/tx_thread_system_return.d ./src/threadx/ports/tx_thread_vectored_context_save.d ./src/threadx/ports/tx_timer_interrupt.d  ./src/threadx/common/tx_block_allocate.d ./src/threadx/common/tx_block_pool_cleanup.d ./src/threadx/common/tx_block_pool_create.d ./src/threadx/common/tx_block_pool_delete.d ./src/threadx/common/tx_block_pool_info_get.d ./src/threadx/common/tx_block_pool_initialize.d ./src/threadx/common/tx_block_pool_performance_info_get.d ./src/threadx/common/tx_block_pool_performance_system_info_get.d ./src/threadx/common/tx_block_pool_prioritize.d ./src/threadx/common/tx_block_release.d ./src/threadx/common/tx_byte_allocate.d ./src/threadx/common/tx_byte_pool_cleanup.d ./src/threadx/common/tx_byte_pool_create.d ./src/threadx/common/tx_byte_pool_delete.d ./src/threadx/common/tx_byte_pool_info_get.d ./src/threadx/common/tx_byte_pool_initialize.d ./src/threadx/common/tx_byte_pool_performance_info_get.d ./src/threadx/common/tx_byte_pool_performance_system_info_get.d ./src/threadx/common/tx_byte_pool_prioritize.d ./src/threadx/common/tx_byte_pool_search.d ./src/threadx/common/tx_byte_release.d ./src/threadx/common/tx_event_flags_cleanup.d ./src/threadx/common/tx_event_flags_create.d ./src/threadx/common/tx_event_flags_delete.d ./src/threadx/common/tx_event_flags_get.d ./src/threadx/common/tx_event_flags_info_get.d ./src/threadx/common/tx_event_flags_initialize.d ./src/threadx/common/tx_event_flags_performance_info_get.d ./src/threadx/common/tx_event_flags_performance_system_info_get.d ./src/threadx/common/tx_event_flags_set.d ./src/threadx/common/tx_event_flags_set_notify.d ./src/threadx/common/tx_initialize_high_level.d ./src/threadx/common/tx_initialize_kernel_enter.d ./src/threadx/common/tx_initialize_kernel_setup.d ./src/threadx/common/tx_misra.d ./src/threadx/common/tx_mutex_cleanup.d ./src/threadx/common/tx_mutex_create.d ./src/threadx/common/tx_mutex_delete.d ./src/threadx/common/tx_mutex_get.d ./src/threadx/common/tx_mutex_info_get.d ./src/threadx/common/tx_mutex_initialize.d ./src/threadx/common/tx_mutex_performance_info_get.d ./src/threadx/common/tx_mutex_performance_system_info_get.d ./src/threadx/common/tx_mutex_prioritize.d ./src/threadx/common/tx_mutex_priority_change.d ./src/threadx/common/tx_mutex_put.d ./src/threadx/common/tx_queue_cleanup.d ./src/threadx/common/tx_queue_create.d ./src/threadx/common/tx_queue_delete.d ./src/threadx/common/tx_queue_flush.d ./src/threadx/common/tx_queue_front_send.d ./src/threadx/common/tx_queue_info_get.d ./src/threadx/common/tx_queue_initialize.d ./src/threadx/common/tx_queue_performance_info_get.d ./src/threadx/common/tx_queue_performance_system_info_get.d ./src/threadx/common/tx_queue_prioritize.d ./src/threadx/common/tx_queue_receive.d ./src/threadx/common/tx_queue_send.d ./src/threadx/common/tx_queue_send_notify.d ./src/threadx/common/tx_semaphore_ceiling_put.d ./src/threadx/common/tx_semaphore_cleanup.d ./src/threadx/common/tx_semaphore_create.d ./src/threadx/common/tx_semaphore_delete.d ./src/threadx/common/tx_semaphore_get.d ./src/threadx/common/tx_semaphore_info_get.d ./src/threadx/common/tx_semaphore_initialize.d ./src/threadx/common/tx_semaphore_performance_info_get.d ./src/threadx/common/tx_semaphore_performance_system_info_get.d ./src/threadx/common/tx_semaphore_prioritize.d ./src/threadx/common/tx_semaphore_put.d ./src/threadx/common/tx_semaphore_put_notify.d ./src/threadx/common/tx_thread_create.d ./src/threadx/common/tx_thread_delete.d ./src/threadx/common/tx_thread_entry_exit_notify.d ./src/threadx/common/tx_thread_identify.d ./src/threadx/common/tx_thread_info_get.d ./src/threadx/common/tx_thread_initialize.d ./src/threadx/common/tx_thread_performance_info_get.d ./src/threadx/common/tx_thread_performance_system_info_get.d ./src/threadx/common/tx_thread_preemption_change.d ./src/threadx/common/tx_thread_priority_change.d ./src/threadx/common/tx_thread_relinquish.d ./src/threadx/common/tx_thread_reset.d ./src/threadx/common/tx_thread_resume.d ./src/threadx/common/tx_thread_shell_entry.d ./src/threadx/common/tx_thread_sleep.d ./src/threadx/common/tx_thread_stack_analyze.d ./src/threadx/common/tx_thread_stack_error_handler.d ./src/threadx/common/tx_thread_stack_error_notify.d ./src/threadx/common/tx_thread_suspend.d ./src/threadx/common/tx_thread_system_preempt_check.d ./src/threadx/common/tx_thread_system_resume.d ./src/threadx/common/tx_thread_system_suspend.d ./src/threadx/common/tx_thread_terminate.d ./src/threadx/common/tx_thread_time_slice.d ./src/threadx/common/tx_thread_time_slice_change.d ./src/threadx/common/tx_thread_timeout.d ./src/threadx/common/tx_thread_wait_abort.d ./src/threadx/common/tx_time_get.d ./src/threadx/common/tx_time_set.d ./src/threadx/common/tx_timer_activate.d ./src/threadx/common/tx_timer_change.d ./src/threadx/common/tx_timer_create.d ./src/threadx/common/tx_timer_deactivate.d ./src/threadx/common/tx_timer_delete.d ./src/threadx/common/tx_timer_expiration_process.d ./src/threadx/common/tx_timer_info_get.d ./src/threadx/common/tx_timer_initialize.d ./src/threadx/common/tx_timer_performance_info_get.d ./src/threadx/common/tx_timer_performance_system_info_get.d ./src/threadx/common/tx_timer_system_activate.d ./src/threadx/common/tx_timer_system_deactivate.d ./src/threadx/common/tx_timer_thread_entry.d ./src/threadx/common/tx_trace_buffer_full_notify.d ./src/threadx/common/tx_trace_disable.d ./src/threadx/common/tx_trace_enable.d ./src/threadx/common/tx_trace_event_filter.d ./src/threadx/common/tx_trace_event_unfilter.d ./src/threadx/common/tx_trace_initialize.d ./src/threadx/common/tx_trace_interrupt_control.d ./src/threadx/common/tx_trace_isr_enter_insert.d ./src/threadx/common/tx_trace_isr_exit_insert.d ./src/threadx/common/tx_trace_object_register.d ./src/threadx/common/tx_trace_object_unregister.d ./src/threadx/common/tx_trace_user_event_insert.d ./src/threadx/common/txe_block_allocate.d ./src/threadx/common/txe_block_pool_create.d ./src/threadx/common/txe_block_pool_delete.d ./src/threadx/common/txe_block_pool_info_get.d ./src/threadx/common/txe_block_pool_prioritize.d ./src/threadx/common/txe_block_release.d ./src/threadx/common/txe_byte_allocate.d ./src/threadx/common/txe_byte_pool_create.d ./src/threadx/common/txe_byte_pool_delete.d ./src/threadx/common/txe_byte_pool_info_get.d ./src/threadx/common/txe_byte_pool_prioritize.d ./src/threadx/common/txe_byte_release.d ./src/threadx/common/txe_event_flags_create.d ./src/threadx/common/txe_event_flags_delete.d ./src/threadx/common/txe_event_flags_get.d ./src/threadx/common/txe_event_flags_info_get.d ./src/threadx/common/txe_event_flags_set.d ./src/threadx/common/txe_event_flags_set_notify.d ./src/threadx/common/txe_mutex_create.d ./src/threadx/common/txe_mutex_delete.d ./src/threadx/common/txe_mutex_get.d ./src/threadx/common/txe_mutex_info_get.d ./src/threadx/common/txe_mutex_prioritize.d ./src/threadx/common/txe_mutex_put.d ./src/threadx/common/txe_queue_create.d ./src/threadx/common/txe_queue_delete.d ./src/threadx/common/txe_queue_flush.d ./src/threadx/common/txe_queue_front_send.d ./src/threadx/common/txe_queue_info_get.d ./src/threadx/common/txe_queue_prioritize.d ./src/threadx/common/txe_queue_receive.d ./src/threadx/common/txe_queue_send.d ./src/threadx/common/txe_queue_send_notify.d ./src/threadx/common/txe_semaphore_ceiling_put.d ./src/threadx/common/txe_semaphore_create.d ./src/threadx/common/txe_semaphore_delete.d ./src/threadx/common/txe_semaphore_get.d ./src/threadx/common/txe_semaphore_info_get.d ./src/threadx/common/txe_semaphore_prioritize.d ./src/threadx/common/txe_semaphore_put.d ./src/threadx/common/txe_semaphore_put_notify.d ./src/threadx/common/txe_thread_create.d ./src/threadx/common/txe_thread_delete.d ./src/threadx/common/txe_thread_entry_exit_notify.d ./src/threadx/common/txe_thread_info_get.d ./src/threadx/common/txe_thread_preemption_change.d ./src/threadx/common/txe_thread_priority_change.d ./src/threadx/common/txe_thread_relinquish.d ./src/threadx/common/txe_thread_reset.d ./src/threadx/common/txe_thread_resume.d ./src/threadx/common/txe_thread_suspend.d ./src/threadx/common/txe_thread_terminate.d ./src/threadx/common/txe_thread_time_slice_change.d ./src/threadx/common/txe_thread_wait_abort.d ./src/threadx/common/txe_timer_activate.d ./src/threadx/common/txe_timer_change.d ./src/threadx/common/txe_timer_create.d ./src/threadx/common/txe_timer_deactivate.d ./src/threadx/common/txe_timer_delete.d ./src/threadx/common/txe_timer_info_get.d  libapp.a.size  libapp.a
' '
16:58:21 **** Clean-only build of configuration Debug for project r5app ****
make clean 
rm -rf  ./src/helper.o ./src/platform.o ./src/platform_info.o ./src/rsc_table.o ./src/threadx_amp_demo.o ./src/zynqmp_r5_a53_rproc.o  ./src/helper.d ./src/platform.d ./src/platform_info.d ./src/rsc_table.d ./src/threadx_amp_demo.d ./src/zynqmp_r5_a53_rproc.d  r5app.elf.size  r5app.elf
' '
