The target system is: Generic -  - arm
The host system is: Windows - 6.2 - AMD64
Determining if files xintc.h exist passed with the following output:
Change Dir: D:/files/VitisProject/demoAmp/amp_plat/psu_cortexr5_0/standalone_domain/bsp/psu_cortexr5_0/libsrc/libmetal_v2_1/build_libmetal/CMakeFiles/CMakeTmp

Run Build Command:"E:/Xilinx/Vitis/2020.1/gnuwin/bin/make.exe" "cmTC_3c40b/fast"
E:/Xilinx/Vitis/2020.1/gnuwin/bin/make.exe -f CMakeFiles/cmTC_3c40b.dir/build.make CMakeFiles/cmTC_3c40b.dir/build
make.exe[1]: Entering directory 'D:/files/VitisProject/demoAmp/amp_plat/psu_cortexr5_0/standalone_domain/bsp/psu_cortexr5_0/libsrc/libmetal_v2_1/build_libmetal/CMakeFiles/CMakeTmp'
Building C object CMakeFiles/cmTC_3c40b.dir/CheckIncludeFiles.c.obj
E:/Xilinx/Vitis/2020.1/gnu/armr5/nt/gcc-arm-none-eabi/bin/armr5-none-eabi-gcc.exe   -O2 -c -mcpu=cortex-r5 -g -DARMR5 -Wall -Wextra -mfloat-abi=hard -mfpu=vfpv3-d16 -DUSE_AMP=1 -ID:/files/VitisProject/demoAmp/amp_plat/psu_cortexr5_0/standalone_domain/bsp/psu_cortexr5_0/include    -o CMakeFiles/cmTC_3c40b.dir/CheckIncludeFiles.c.obj   -c D:/files/VitisProject/demoAmp/amp_plat/psu_cortexr5_0/standalone_domain/bsp/psu_cortexr5_0/libsrc/libmetal_v2_1/build_libmetal/CMakeFiles/CMakeTmp/CheckIncludeFiles.c
D:/files/VitisProject/demoAmp/amp_plat/psu_cortexr5_0/standalone_domain/bsp/psu_cortexr5_0/libsrc/libmetal_v2_1/build_libmetal/CMakeFiles/CMakeTmp/CheckIncludeFiles.c:2:10: fatal error: xintc.h: No such file or directory
    2 | #include <xintc.h>
      |          ^~~~~~~~~
compilation terminated.
Linking C executable cmTC_3c40b
E:/Xilinx/Vitis/2020.1/gnu/armr5/nt/gcc-arm-none-eabi/bin/armr5-none-eabi-gcc.exe  -O2 -c -mcpu=cortex-r5 -g -DARMR5 -Wall -Wextra -mfloat-abi=hard -mfpu=vfpv3-d16 -DUSE_AMP=1 -ID:/files/VitisProject/demoAmp/amp_plat/psu_cortexr5_0/standalone_domain/bsp/psu_cortexr5_0/include     "CMakeFiles/cmTC_3c40b.dir/CheckIncludeFiles.c.obj"   -o cmTC_3c40b  
arm-xilinx-eabi-gcc.exe: error: CMakeFiles/cmTC_3c40b.dir/CheckIncludeFiles.c.obj: No such file or directory
arm-xilinx-eabi-gcc.exe: fatal error: no input files
compilation terminated.
make.exe[1]: Leaving directory 'D:/files/VitisProject/demoAmp/amp_plat/psu_cortexr5_0/standalone_domain/bsp/psu_cortexr5_0/libsrc/libmetal_v2_1/build_libmetal/CMakeFiles/CMakeTmp'


Determining if files stdatomic.h exist passed with the following output:
Change Dir: D:/files/VitisProject/demoAmp/amp_plat/psu_cortexr5_0/standalone_domain/bsp/psu_cortexr5_0/libsrc/libmetal_v2_1/build_libmetal/CMakeFiles/CMakeTmp

Run Build Command:"E:/Xilinx/Vitis/2020.1/gnuwin/bin/make.exe" "cmTC_de895/fast"
E:/Xilinx/Vitis/2020.1/gnuwin/bin/make.exe -f CMakeFiles/cmTC_de895.dir/build.make CMakeFiles/cmTC_de895.dir/build
make.exe[1]: Entering directory 'D:/files/VitisProject/demoAmp/amp_plat/psu_cortexr5_0/standalone_domain/bsp/psu_cortexr5_0/libsrc/libmetal_v2_1/build_libmetal/CMakeFiles/CMakeTmp'
Building C object CMakeFiles/cmTC_de895.dir/CheckIncludeFiles.c.obj
E:/Xilinx/Vitis/2020.1/gnu/armr5/nt/gcc-arm-none-eabi/bin/armr5-none-eabi-gcc.exe   -O2 -c -mcpu=cortex-r5 -g -DARMR5 -Wall -Wextra -mfloat-abi=hard -mfpu=vfpv3-d16 -DUSE_AMP=1 -ID:/files/VitisProject/demoAmp/amp_plat/psu_cortexr5_0/standalone_domain/bsp/psu_cortexr5_0/include -c   -o CMakeFiles/cmTC_de895.dir/CheckIncludeFiles.c.obj   -c D:/files/VitisProject/demoAmp/amp_plat/psu_cortexr5_0/standalone_domain/bsp/psu_cortexr5_0/libsrc/libmetal_v2_1/build_libmetal/CMakeFiles/CMakeTmp/CheckIncludeFiles.c
Linking C executable cmTC_de895
E:/Xilinx/Vitis/2020.1/gnu/armr5/nt/gcc-arm-none-eabi/bin/armr5-none-eabi-gcc.exe  -O2 -c -mcpu=cortex-r5 -g -DARMR5 -Wall -Wextra -mfloat-abi=hard -mfpu=vfpv3-d16 -DUSE_AMP=1 -ID:/files/VitisProject/demoAmp/amp_plat/psu_cortexr5_0/standalone_domain/bsp/psu_cortexr5_0/include -c    "CMakeFiles/cmTC_de895.dir/CheckIncludeFiles.c.obj"   -o cmTC_de895  
arm-xilinx-eabi-gcc.exe: warning: CMakeFiles/cmTC_de895.dir/CheckIncludeFiles.c.obj: linker input file unused because linking not done
make.exe[1]: Leaving directory 'D:/files/VitisProject/demoAmp/amp_plat/psu_cortexr5_0/standalone_domain/bsp/psu_cortexr5_0/libsrc/libmetal_v2_1/build_libmetal/CMakeFiles/CMakeTmp'


