The target system is: Generic -  - arm
The host system is: Windows - 6.2 - AMD64
Determining if files stdatomic.h exist passed with the following output:
Change Dir: D:/files/VitisProject/demoAmp/r5loveWithDpu/design_1_wrapperf/zynqmp_pmufw/zynqmp_pmufw_bsp/psu_cortexr5_0/libsrc/openamp_v1_6/build_openamp/CMakeFiles/CMakeTmp

Run Build Command:"E:/Xilinx/Vitis/2020.1/gnuwin/bin/make.exe" "cmTC_83dd5/fast"
E:/Xilinx/Vitis/2020.1/gnuwin/bin/make.exe -f CMakeFiles/cmTC_83dd5.dir/build.make CMakeFiles/cmTC_83dd5.dir/build
make.exe[1]: Entering directory 'D:/files/VitisProject/demoAmp/r5loveWithDpu/design_1_wrapperf/zynqmp_pmufw/zynqmp_pmufw_bsp/psu_cortexr5_0/libsrc/openamp_v1_6/build_openamp/CMakeFiles/CMakeTmp'
Building C object CMakeFiles/cmTC_83dd5.dir/CheckIncludeFiles.c.obj
E:/Xilinx/Vitis/2020.1/gnu/armr5/nt/gcc-arm-none-eabi/bin/armr5-none-eabi-gcc.exe   -O2 -c -mcpu=cortex-r5 -g -DARMR5 -Wall -Wextra -mfloat-abi=hard -mfpu=vfpv3-d16 -ID:/files/VitisProject/demoAmp/r5loveWithDpu/design_1_wrapperf/zynqmp_pmufw/zynqmp_pmufw_bsp/psu_cortexr5_0/include -Wall -Wextra -c   -o CMakeFiles/cmTC_83dd5.dir/CheckIncludeFiles.c.obj   -c D:/files/VitisProject/demoAmp/r5loveWithDpu/design_1_wrapperf/zynqmp_pmufw/zynqmp_pmufw_bsp/psu_cortexr5_0/libsrc/openamp_v1_6/build_openamp/CMakeFiles/CMakeTmp/CheckIncludeFiles.c
Linking C executable cmTC_83dd5
E:/Xilinx/Vitis/2020.1/gnu/armr5/nt/gcc-arm-none-eabi/bin/armr5-none-eabi-gcc.exe  -O2 -c -mcpu=cortex-r5 -g -DARMR5 -Wall -Wextra -mfloat-abi=hard -mfpu=vfpv3-d16 -ID:/files/VitisProject/demoAmp/r5loveWithDpu/design_1_wrapperf/zynqmp_pmufw/zynqmp_pmufw_bsp/psu_cortexr5_0/include -Wall -Wextra -c    "CMakeFiles/cmTC_83dd5.dir/CheckIncludeFiles.c.obj"   -o cmTC_83dd5  
arm-xilinx-eabi-gcc.exe: warning: CMakeFiles/cmTC_83dd5.dir/CheckIncludeFiles.c.obj: linker input file unused because linking not done
make.exe[1]: Leaving directory 'D:/files/VitisProject/demoAmp/r5loveWithDpu/design_1_wrapperf/zynqmp_pmufw/zynqmp_pmufw_bsp/psu_cortexr5_0/libsrc/openamp_v1_6/build_openamp/CMakeFiles/CMakeTmp'


Determining if files fcntl.h exist passed with the following output:
Change Dir: D:/files/VitisProject/demoAmp/r5loveWithDpu/design_1_wrapperf/zynqmp_pmufw/zynqmp_pmufw_bsp/psu_cortexr5_0/libsrc/openamp_v1_6/build_openamp/CMakeFiles/CMakeTmp

Run Build Command:"E:/Xilinx/Vitis/2020.1/gnuwin/bin/make.exe" "cmTC_9806c/fast"
E:/Xilinx/Vitis/2020.1/gnuwin/bin/make.exe -f CMakeFiles/cmTC_9806c.dir/build.make CMakeFiles/cmTC_9806c.dir/build
make.exe[1]: Entering directory 'D:/files/VitisProject/demoAmp/r5loveWithDpu/design_1_wrapperf/zynqmp_pmufw/zynqmp_pmufw_bsp/psu_cortexr5_0/libsrc/openamp_v1_6/build_openamp/CMakeFiles/CMakeTmp'
Building C object CMakeFiles/cmTC_9806c.dir/CheckIncludeFiles.c.obj
E:/Xilinx/Vitis/2020.1/gnu/armr5/nt/gcc-arm-none-eabi/bin/armr5-none-eabi-gcc.exe   -O2 -c -mcpu=cortex-r5 -g -DARMR5 -Wall -Wextra -mfloat-abi=hard -mfpu=vfpv3-d16 -ID:/files/VitisProject/demoAmp/r5loveWithDpu/design_1_wrapperf/zynqmp_pmufw/zynqmp_pmufw_bsp/psu_cortexr5_0/include -Wall -Wextra -c   -o CMakeFiles/cmTC_9806c.dir/CheckIncludeFiles.c.obj   -c D:/files/VitisProject/demoAmp/r5loveWithDpu/design_1_wrapperf/zynqmp_pmufw/zynqmp_pmufw_bsp/psu_cortexr5_0/libsrc/openamp_v1_6/build_openamp/CMakeFiles/CMakeTmp/CheckIncludeFiles.c
Linking C executable cmTC_9806c
E:/Xilinx/Vitis/2020.1/gnu/armr5/nt/gcc-arm-none-eabi/bin/armr5-none-eabi-gcc.exe  -O2 -c -mcpu=cortex-r5 -g -DARMR5 -Wall -Wextra -mfloat-abi=hard -mfpu=vfpv3-d16 -ID:/files/VitisProject/demoAmp/r5loveWithDpu/design_1_wrapperf/zynqmp_pmufw/zynqmp_pmufw_bsp/psu_cortexr5_0/include -Wall -Wextra -c    "CMakeFiles/cmTC_9806c.dir/CheckIncludeFiles.c.obj"   -o cmTC_9806c  
arm-xilinx-eabi-gcc.exe: warning: CMakeFiles/cmTC_9806c.dir/CheckIncludeFiles.c.obj: linker input file unused because linking not done
make.exe[1]: Leaving directory 'D:/files/VitisProject/demoAmp/r5loveWithDpu/design_1_wrapperf/zynqmp_pmufw/zynqmp_pmufw_bsp/psu_cortexr5_0/libsrc/openamp_v1_6/build_openamp/CMakeFiles/CMakeTmp'


